{"timestamp": "2026-03-16T03:56:02.819662+00:00", "symbol": "BTC-USD", "price": 73733, "source": "coingecko", "tier": "core", "watch_ok": true, "paper_ok": true, "real_money_ok": true}
{"timestamp": "2026-03-16T03:56:02.819662+00:00", "symbol": "ETH-USD", "price": 2238.11, "source": "coingecko", "tier": "core", "watch_ok": true, "paper_ok": true, "real_money_ok": false}
{"timestamp": "2026-03-16T03:56:02.819662+00:00", "symbol": "XRP-USD", "price": 1.47, "source": "coingecko", "tier": "liquid", "watch_ok": true, "paper_ok": true, "real_money_ok": false}
{"timestamp": "2026-03-16T03:56:02.819662+00:00", "symbol": "SOL-USD", "price": 93.23, "source": "coingecko", "tier": "liquid", "watch_ok": true, "paper_ok": true, "real_money_ok": false}
{"timestamp": "2026-03-16T03:56:02.819662+00:00", "symbol": "ADA-USD", "price": 0.277233, "source": "coingecko", "tier": "liquid", "watch_ok": true, "paper_ok": true, "real_money_ok": false}
{"timestamp": "2026-03-16T03:56:02.819662+00:00", "symbol": "DOGE-USD", "price": 0.10006, "source": "coingecko", "tier": "liquid", "watch_ok": true, "paper_ok": true, "real_money_ok": false}
{"timestamp": "2026-03-16T03:56:02.819662+00:00", "symbol": "LTC-USD", "price": 56.76, "source": "coingecko", "tier": "liquid", "watch_ok": true, "paper_ok": true, "real_money_ok": false}
{"timestamp": "2026-03-16T03:56:02.819662+00:00", "symbol": "AVAX-USD", "price": 10.29, "source": "coingecko", "tier": "liquid", "watch_ok": true, "paper_ok": true, "real_money_ok": false}
{"timestamp": "2026-03-16T03:56:02.819662+00:00", "symbol": "LINK-USD", "price": 9.71, "source": "coingecko", "tier": "liquid", "watch_ok": true, "paper_ok": true, "real_money_ok": false}
{"timestamp": "2026-03-16T03:56:02.819662+00:00", "symbol": "SHIB-USD", "price": 6.08e-06, "source": "coingecko", "tier": "speculative", "watch_ok": true, "paper_ok": true, "real_money_ok": false}
{"timestamp": "2026-03-16T03:56:02.819662+00:00", "symbol": "PEPE-USD", "price": 3.58e-06, "source": "coingecko", "tier": "speculative", "watch_ok": true, "paper_ok": true, "real_money_ok": false}
{"timestamp": "2026-03-16T03:56:02.819662+00:00", "symbol": "BONK-USD", "price": 6.33e-06, "source": "coingecko", "tier": "speculative", "watch_ok": true, "paper_ok": true, "real_money_ok": false}
{"timestamp": "2026-03-16T03:56:02.819662+00:00", "symbol": "BTC-USD", "price": 73733, "source": "coingecko", "tier": "core", "watch_ok": true, "paper_ok": true, "real_money_ok": true}
{"timestamp": "2026-03-16T03:56:02.819662+00:00", "symbol": "ETH-USD", "price": 2238.11, "source": "coingecko", "tier": "core", "watch_ok": true, "paper_ok": true, "real_money_ok": false}
{"timestamp": "2026-03-16T03:56:02.819662+00:00", "symbol": "XRP-USD", "price": 1.47, "source": "coingecko", "tier": "liquid", "watch_ok": true, "paper_ok": true, "real_money_ok": false}
{"timestamp": "2026-03-16T03:56:02.819662+00:00", "symbol": "SOL-USD", "price": 93.23, "source": "coingecko", "tier": "liquid", "watch_ok": true, "paper_ok": true, "real_money_ok": false}
{"timestamp": "2026-03-16T03:56:02.819662+00:00", "symbol": "ADA-USD", "price": 0.277233, "source": "coingecko", "tier": "liquid", "watch_ok": true, "paper_ok": true, "real_money_ok": false}
{"timestamp": "2026-03-16T03:56:02.819662+00:00", "symbol": "DOGE-USD", "price": 0.10006, "source": "coingecko", "tier": "liquid", "watch_ok": true, "paper_ok": true, "real_money_ok": false}
{"timestamp": "2026-03-16T03:56:02.819662+00:00", "symbol": "LTC-USD", "price": 56.76, "source": "coingecko", "tier": "liquid", "watch_ok": true, "paper_ok": true, "real_money_ok": false}
{"timestamp": "2026-03-16T03:56:02.819662+00:00", "symbol": "AVAX-USD", "price": 10.29, "source": "coingecko", "tier": "liquid", "watch_ok": true, "paper_ok": true, "real_money_ok": false}
{"timestamp": "2026-03-16T03:56:02.819662+00:00", "symbol": "LINK-USD", "price": 9.71, "source": "coingecko", "tier": "liquid", "watch_ok": true, "paper_ok": true, "real_money_ok": false}
{"timestamp": "2026-03-16T03:56:02.819662+00:00", "symbol": "SHIB-USD", "price": 6.08e-06, "source": "coingecko", "tier": "speculative", "watch_ok": true, "paper_ok": true, "real_money_ok": false}
{"timestamp": "2026-03-16T03:56:02.819662+00:00", "symbol": "PEPE-USD", "price": 3.58e-06, "source": "coingecko", "tier": "speculative", "watch_ok": true, "paper_ok": true, "real_money_ok": false}
{"timestamp": "2026-03-16T03:56:02.819662+00:00", "symbol": "BONK-USD", "price": 6.33e-06, "source": "coingecko", "tier": "speculative", "watch_ok": true, "paper_ok": true, "real_money_ok": false}
{"timestamp": "2026-03-16T03:56:02.819662+00:00", "symbol": "BTC-USD", "price": 73733, "source": "coingecko", "tier": "core", "watch_ok": true, "paper_ok": true, "real_money_ok": true}
{"timestamp": "2026-03-16T03:56:02.819662+00:00", "symbol": "ETH-USD", "price": 2238.11, "source": "coingecko", "tier": "core", "watch_ok": true, "paper_ok": true, "real_money_ok": false}
{"timestamp": "2026-03-16T03:56:02.819662+00:00", "symbol": "XRP-USD", "price": 1.47, "source": "coingecko", "tier": "liquid", "watch_ok": true, "paper_ok": true, "real_money_ok": false}
{"timestamp": "2026-03-16T03:56:02.819662+00:00", "symbol": "SOL-USD", "price": 93.23, "source": "coingecko", "tier": "liquid", "watch_ok": true, "paper_ok": true, "real_money_ok": false}
{"timestamp": "2026-03-16T03:56:02.819662+00:00", "symbol": "ADA-USD", "price": 0.277233, "source": "coingecko", "tier": "liquid", "watch_ok": true, "paper_ok": true, "real_money_ok": false}
{"timestamp": "2026-03-16T03:56:02.819662+00:00", "symbol": "DOGE-USD", "price": 0.10006, "source": "coingecko", "tier": "liquid", "watch_ok": true, "paper_ok": true, "real_money_ok": false}
{"timestamp": "2026-03-16T03:56:02.819662+00:00", "symbol": "LTC-USD", "price": 56.76, "source": "coingecko", "tier": "liquid", "watch_ok": true, "paper_ok": true, "real_money_ok": false}
{"timestamp": "2026-03-16T03:56:02.819662+00:00", "symbol": "AVAX-USD", "price": 10.29, "source": "coingecko", "tier": "liquid", "watch_ok": true, "paper_ok": true, "real_money_ok": false}
{"timestamp": "2026-03-16T03:56:02.819662+00:00", "symbol": "LINK-USD", "price": 9.71, "source": "coingecko", "tier": "liquid", "watch_ok": true, "paper_ok": true, "real_money_ok": false}
{"timestamp": "2026-03-16T03:56:02.819662+00:00", "symbol": "SHIB-USD", "price": 6.08e-06, "source": "coingecko", "tier": "speculative", "watch_ok": true, "paper_ok": true, "real_money_ok": false}
{"timestamp": "2026-03-16T03:56:02.819662+00:00", "symbol": "PEPE-USD", "price": 3.58e-06, "source": "coingecko", "tier": "speculative", "watch_ok": true, "paper_ok": true, "real_money_ok": false}
{"timestamp": "2026-03-16T03:56:02.819662+00:00", "symbol": "BONK-USD", "price": 6.33e-06, "source": "coingecko", "tier": "speculative", "watch_ok": true, "paper_ok": true, "real_money_ok": false}
{"timestamp": "2026-03-16T03:56:02.819662+00:00", "symbol": "BTC-USD", "price": 73733, "source": "coingecko", "tier": "core", "watch_ok": true, "paper_ok": true, "real_money_ok": true}
{"timestamp": "2026-03-16T03:56:02.819662+00:00", "symbol": "ETH-USD", "price": 2238.11, "source": "coingecko", "tier": "core", "watch_ok": true, "paper_ok": true, "real_money_ok": false}
{"timestamp": "2026-03-16T03:56:02.819662+00:00", "symbol": "XRP-USD", "price": 1.47, "source": "coingecko", "tier": "liquid", "watch_ok": true, "paper_ok": true, "real_money_ok": false}
{"timestamp": "2026-03-16T03:56:02.819662+00:00", "symbol": "SOL-USD", "price": 93.23, "source": "coingecko", "tier": "liquid", "watch_ok": true, "paper_ok": true, "real_money_ok": false}
{"timestamp": "2026-03-16T03:56:02.819662+00:00", "symbol": "ADA-USD", "price": 0.277233, "source": "coingecko", "tier": "liquid", "watch_ok": true, "paper_ok": true, "real_money_ok": false}
{"timestamp": "2026-03-16T03:56:02.819662+00:00", "symbol": "DOGE-USD", "price": 0.10006, "source": "coingecko", "tier": "liquid", "watch_ok": true, "paper_ok": true, "real_money_ok": false}
{"timestamp": "2026-03-16T03:56:02.819662+00:00", "symbol": "LTC-USD", "price": 56.76, "source": "coingecko", "tier": "liquid", "watch_ok": true, "paper_ok": true, "real_money_ok": false}
{"timestamp": "2026-03-16T03:56:02.819662+00:00", "symbol": "AVAX-USD", "price": 10.29, "source": "coingecko", "tier": "liquid", "watch_ok": true, "paper_ok": true, "real_money_ok": false}
{"timestamp": "2026-03-16T03:56:02.819662+00:00", "symbol": "LINK-USD", "price": 9.71, "source": "coingecko", "tier": "liquid", "watch_ok": true, "paper_ok": true, "real_money_ok": false}
{"timestamp": "2026-03-16T03:56:02.819662+00:00", "symbol": "SHIB-USD", "price": 6.08e-06, "source": "coingecko", "tier": "speculative", "watch_ok": true, "paper_ok": true, "real_money_ok": false}
{"timestamp": "2026-03-16T03:56:02.819662+00:00", "symbol": "PEPE-USD", "price": 3.58e-06, "source": "coingecko", "tier": "speculative", "watch_ok": true, "paper_ok": true, "real_money_ok": false}
{"timestamp": "2026-03-16T03:56:02.819662+00:00", "symbol": "BONK-USD", "price": 6.33e-06, "source": "coingecko", "tier": "speculative", "watch_ok": true, "paper_ok": true, "real_money_ok": false}
