{"timestamp": "2026-03-16T02:54:43.554300+00:00", "symbol": "BTC-USD", "price": 72529, "source": "coingecko", "tier": "core", "watch_ok": true, "paper_ok": true, "real_money_ok": true}
{"timestamp": "2026-03-16T02:54:43.554300+00:00", "symbol": "ETH-USD", "price": 2179.55, "source": "coingecko", "tier": "core", "watch_ok": true, "paper_ok": true, "real_money_ok": false}
{"timestamp": "2026-03-16T02:54:43.554300+00:00", "symbol": "XRP-USD", "price": 1.44, "source": "coingecko", "tier": "liquid", "watch_ok": true, "paper_ok": true, "real_money_ok": false}
{"timestamp": "2026-03-16T02:54:43.554300+00:00", "symbol": "SOL-USD", "price": 91.51, "source": "coingecko", "tier": "liquid", "watch_ok": true, "paper_ok": true, "real_money_ok": false}
{"timestamp": "2026-03-16T02:54:43.554300+00:00", "symbol": "ADA-USD", "price": 0.270073, "source": "coingecko", "tier": "liquid", "watch_ok": true, "paper_ok": true, "real_money_ok": false}
{"timestamp": "2026-03-16T02:54:43.554300+00:00", "symbol": "DOGE-USD", "price": 0.097638, "source": "coingecko", "tier": "liquid", "watch_ok": true, "paper_ok": true, "real_money_ok": false}
{"timestamp": "2026-03-16T02:54:43.554300+00:00", "symbol": "LTC-USD", "price": 55.95, "source": "coingecko", "tier": "liquid", "watch_ok": true, "paper_ok": true, "real_money_ok": false}
{"timestamp": "2026-03-16T02:54:43.554300+00:00", "symbol": "AVAX-USD", "price": 9.95, "source": "coingecko", "tier": "liquid", "watch_ok": true, "paper_ok": true, "real_money_ok": false}
{"timestamp": "2026-03-16T02:54:43.554300+00:00", "symbol": "LINK-USD", "price": 9.46, "source": "coingecko", "tier": "liquid", "watch_ok": true, "paper_ok": true, "real_money_ok": false}
{"timestamp": "2026-03-16T02:54:43.554300+00:00", "symbol": "SHIB-USD", "price": 5.97e-06, "source": "coingecko", "tier": "speculative", "watch_ok": true, "paper_ok": true, "real_money_ok": false}
{"timestamp": "2026-03-16T02:54:43.554300+00:00", "symbol": "PEPE-USD", "price": 3.49e-06, "source": "coingecko", "tier": "speculative", "watch_ok": true, "paper_ok": true, "real_money_ok": false}
{"timestamp": "2026-03-16T02:54:43.554300+00:00", "symbol": "BONK-USD", "price": 6.13e-06, "source": "coingecko", "tier": "speculative", "watch_ok": true, "paper_ok": true, "real_money_ok": false}
{"timestamp": "2026-03-16T02:54:43.554300+00:00", "symbol": "BTC-USD", "price": 72529, "source": "coingecko", "tier": "core", "watch_ok": true, "paper_ok": true, "real_money_ok": true}
{"timestamp": "2026-03-16T02:54:43.554300+00:00", "symbol": "ETH-USD", "price": 2179.55, "source": "coingecko", "tier": "core", "watch_ok": true, "paper_ok": true, "real_money_ok": false}
{"timestamp": "2026-03-16T02:54:43.554300+00:00", "symbol": "XRP-USD", "price": 1.44, "source": "coingecko", "tier": "liquid", "watch_ok": true, "paper_ok": true, "real_money_ok": false}
{"timestamp": "2026-03-16T02:54:43.554300+00:00", "symbol": "SOL-USD", "price": 91.51, "source": "coingecko", "tier": "liquid", "watch_ok": true, "paper_ok": true, "real_money_ok": false}
{"timestamp": "2026-03-16T02:54:43.554300+00:00", "symbol": "ADA-USD", "price": 0.270073, "source": "coingecko", "tier": "liquid", "watch_ok": true, "paper_ok": true, "real_money_ok": false}
{"timestamp": "2026-03-16T02:54:43.554300+00:00", "symbol": "DOGE-USD", "price": 0.097638, "source": "coingecko", "tier": "liquid", "watch_ok": true, "paper_ok": true, "real_money_ok": false}
{"timestamp": "2026-03-16T02:54:43.554300+00:00", "symbol": "LTC-USD", "price": 55.95, "source": "coingecko", "tier": "liquid", "watch_ok": true, "paper_ok": true, "real_money_ok": false}
{"timestamp": "2026-03-16T02:54:43.554300+00:00", "symbol": "AVAX-USD", "price": 9.95, "source": "coingecko", "tier": "liquid", "watch_ok": true, "paper_ok": true, "real_money_ok": false}
{"timestamp": "2026-03-16T02:54:43.554300+00:00", "symbol": "LINK-USD", "price": 9.46, "source": "coingecko", "tier": "liquid", "watch_ok": true, "paper_ok": true, "real_money_ok": false}
{"timestamp": "2026-03-16T02:54:43.554300+00:00", "symbol": "SHIB-USD", "price": 5.97e-06, "source": "coingecko", "tier": "speculative", "watch_ok": true, "paper_ok": true, "real_money_ok": false}
{"timestamp": "2026-03-16T02:54:43.554300+00:00", "symbol": "PEPE-USD", "price": 3.49e-06, "source": "coingecko", "tier": "speculative", "watch_ok": true, "paper_ok": true, "real_money_ok": false}
{"timestamp": "2026-03-16T02:54:43.554300+00:00", "symbol": "BONK-USD", "price": 6.13e-06, "source": "coingecko", "tier": "speculative", "watch_ok": true, "paper_ok": true, "real_money_ok": false}
{"timestamp": "2026-03-16T02:54:43.554300+00:00", "symbol": "BTC-USD", "price": 72529, "source": "coingecko", "tier": "core", "watch_ok": true, "paper_ok": true, "real_money_ok": true}
{"timestamp": "2026-03-16T02:54:43.554300+00:00", "symbol": "ETH-USD", "price": 2179.55, "source": "coingecko", "tier": "core", "watch_ok": true, "paper_ok": true, "real_money_ok": false}
{"timestamp": "2026-03-16T02:54:43.554300+00:00", "symbol": "XRP-USD", "price": 1.44, "source": "coingecko", "tier": "liquid", "watch_ok": true, "paper_ok": true, "real_money_ok": false}
{"timestamp": "2026-03-16T02:54:43.554300+00:00", "symbol": "SOL-USD", "price": 91.51, "source": "coingecko", "tier": "liquid", "watch_ok": true, "paper_ok": true, "real_money_ok": false}
{"timestamp": "2026-03-16T02:54:43.554300+00:00", "symbol": "ADA-USD", "price": 0.270073, "source": "coingecko", "tier": "liquid", "watch_ok": true, "paper_ok": true, "real_money_ok": false}
{"timestamp": "2026-03-16T02:54:43.554300+00:00", "symbol": "DOGE-USD", "price": 0.097638, "source": "coingecko", "tier": "liquid", "watch_ok": true, "paper_ok": true, "real_money_ok": false}
{"timestamp": "2026-03-16T02:54:43.554300+00:00", "symbol": "LTC-USD", "price": 55.95, "source": "coingecko", "tier": "liquid", "watch_ok": true, "paper_ok": true, "real_money_ok": false}
{"timestamp": "2026-03-16T02:54:43.554300+00:00", "symbol": "AVAX-USD", "price": 9.95, "source": "coingecko", "tier": "liquid", "watch_ok": true, "paper_ok": true, "real_money_ok": false}
{"timestamp": "2026-03-16T02:54:43.554300+00:00", "symbol": "LINK-USD", "price": 9.46, "source": "coingecko", "tier": "liquid", "watch_ok": true, "paper_ok": true, "real_money_ok": false}
{"timestamp": "2026-03-16T02:54:43.554300+00:00", "symbol": "SHIB-USD", "price": 5.97e-06, "source": "coingecko", "tier": "speculative", "watch_ok": true, "paper_ok": true, "real_money_ok": false}
{"timestamp": "2026-03-16T02:54:43.554300+00:00", "symbol": "PEPE-USD", "price": 3.49e-06, "source": "coingecko", "tier": "speculative", "watch_ok": true, "paper_ok": true, "real_money_ok": false}
{"timestamp": "2026-03-16T02:54:43.554300+00:00", "symbol": "BONK-USD", "price": 6.13e-06, "source": "coingecko", "tier": "speculative", "watch_ok": true, "paper_ok": true, "real_money_ok": false}
{"timestamp": "2026-03-16T02:54:43.554300+00:00", "symbol": "BTC-USD", "price": 72529, "source": "coingecko", "tier": "core", "watch_ok": true, "paper_ok": true, "real_money_ok": true}
{"timestamp": "2026-03-16T02:54:43.554300+00:00", "symbol": "ETH-USD", "price": 2179.55, "source": "coingecko", "tier": "core", "watch_ok": true, "paper_ok": true, "real_money_ok": false}
{"timestamp": "2026-03-16T02:54:43.554300+00:00", "symbol": "XRP-USD", "price": 1.44, "source": "coingecko", "tier": "liquid", "watch_ok": true, "paper_ok": true, "real_money_ok": false}
{"timestamp": "2026-03-16T02:54:43.554300+00:00", "symbol": "SOL-USD", "price": 91.51, "source": "coingecko", "tier": "liquid", "watch_ok": true, "paper_ok": true, "real_money_ok": false}
{"timestamp": "2026-03-16T02:54:43.554300+00:00", "symbol": "ADA-USD", "price": 0.270073, "source": "coingecko", "tier": "liquid", "watch_ok": true, "paper_ok": true, "real_money_ok": false}
{"timestamp": "2026-03-16T02:54:43.554300+00:00", "symbol": "DOGE-USD", "price": 0.097638, "source": "coingecko", "tier": "liquid", "watch_ok": true, "paper_ok": true, "real_money_ok": false}
{"timestamp": "2026-03-16T02:54:43.554300+00:00", "symbol": "LTC-USD", "price": 55.95, "source": "coingecko", "tier": "liquid", "watch_ok": true, "paper_ok": true, "real_money_ok": false}
{"timestamp": "2026-03-16T02:54:43.554300+00:00", "symbol": "AVAX-USD", "price": 9.95, "source": "coingecko", "tier": "liquid", "watch_ok": true, "paper_ok": true, "real_money_ok": false}
{"timestamp": "2026-03-16T02:54:43.554300+00:00", "symbol": "LINK-USD", "price": 9.46, "source": "coingecko", "tier": "liquid", "watch_ok": true, "paper_ok": true, "real_money_ok": false}
{"timestamp": "2026-03-16T02:54:43.554300+00:00", "symbol": "SHIB-USD", "price": 5.97e-06, "source": "coingecko", "tier": "speculative", "watch_ok": true, "paper_ok": true, "real_money_ok": false}
{"timestamp": "2026-03-16T02:54:43.554300+00:00", "symbol": "PEPE-USD", "price": 3.49e-06, "source": "coingecko", "tier": "speculative", "watch_ok": true, "paper_ok": true, "real_money_ok": false}
{"timestamp": "2026-03-16T02:54:43.554300+00:00", "symbol": "BONK-USD", "price": 6.13e-06, "source": "coingecko", "tier": "speculative", "watch_ok": true, "paper_ok": true, "real_money_ok": false}
