{"timestamp": "2026-03-16T03:29:56.489791+00:00", "symbol": "BTC-USD", "price": 72831, "source": "coingecko", "tier": "core", "watch_ok": true, "paper_ok": true, "real_money_ok": true}
{"timestamp": "2026-03-16T03:29:56.489791+00:00", "symbol": "ETH-USD", "price": 2201.72, "source": "coingecko", "tier": "core", "watch_ok": true, "paper_ok": true, "real_money_ok": false}
{"timestamp": "2026-03-16T03:29:56.489791+00:00", "symbol": "XRP-USD", "price": 1.45, "source": "coingecko", "tier": "liquid", "watch_ok": true, "paper_ok": true, "real_money_ok": false}
{"timestamp": "2026-03-16T03:29:56.489791+00:00", "symbol": "SOL-USD", "price": 91.97, "source": "coingecko", "tier": "liquid", "watch_ok": true, "paper_ok": true, "real_money_ok": false}
{"timestamp": "2026-03-16T03:29:56.489791+00:00", "symbol": "ADA-USD", "price": 0.272833, "source": "coingecko", "tier": "liquid", "watch_ok": true, "paper_ok": true, "real_money_ok": false}
{"timestamp": "2026-03-16T03:29:56.489791+00:00", "symbol": "DOGE-USD", "price": 0.099177, "source": "coingecko", "tier": "liquid", "watch_ok": true, "paper_ok": true, "real_money_ok": false}
{"timestamp": "2026-03-16T03:29:56.489791+00:00", "symbol": "LTC-USD", "price": 56.18, "source": "coingecko", "tier": "liquid", "watch_ok": true, "paper_ok": true, "real_money_ok": false}
{"timestamp": "2026-03-16T03:29:56.489791+00:00", "symbol": "AVAX-USD", "price": 10.07, "source": "coingecko", "tier": "liquid", "watch_ok": true, "paper_ok": true, "real_money_ok": false}
{"timestamp": "2026-03-16T03:29:56.489791+00:00", "symbol": "LINK-USD", "price": 9.55, "source": "coingecko", "tier": "liquid", "watch_ok": true, "paper_ok": true, "real_money_ok": false}
{"timestamp": "2026-03-16T03:29:56.489791+00:00", "symbol": "SHIB-USD", "price": 6.04e-06, "source": "coingecko", "tier": "speculative", "watch_ok": true, "paper_ok": true, "real_money_ok": false}
{"timestamp": "2026-03-16T03:29:56.489791+00:00", "symbol": "PEPE-USD", "price": 3.54e-06, "source": "coingecko", "tier": "speculative", "watch_ok": true, "paper_ok": true, "real_money_ok": false}
{"timestamp": "2026-03-16T03:29:56.489791+00:00", "symbol": "BONK-USD", "price": 6.22e-06, "source": "coingecko", "tier": "speculative", "watch_ok": true, "paper_ok": true, "real_money_ok": false}
{"timestamp": "2026-03-16T03:29:56.489791+00:00", "symbol": "BTC-USD", "price": 72831, "source": "coingecko", "tier": "core", "watch_ok": true, "paper_ok": true, "real_money_ok": true}
{"timestamp": "2026-03-16T03:29:56.489791+00:00", "symbol": "ETH-USD", "price": 2201.72, "source": "coingecko", "tier": "core", "watch_ok": true, "paper_ok": true, "real_money_ok": false}
{"timestamp": "2026-03-16T03:29:56.489791+00:00", "symbol": "XRP-USD", "price": 1.45, "source": "coingecko", "tier": "liquid", "watch_ok": true, "paper_ok": true, "real_money_ok": false}
{"timestamp": "2026-03-16T03:29:56.489791+00:00", "symbol": "SOL-USD", "price": 91.97, "source": "coingecko", "tier": "liquid", "watch_ok": true, "paper_ok": true, "real_money_ok": false}
{"timestamp": "2026-03-16T03:29:56.489791+00:00", "symbol": "ADA-USD", "price": 0.272833, "source": "coingecko", "tier": "liquid", "watch_ok": true, "paper_ok": true, "real_money_ok": false}
{"timestamp": "2026-03-16T03:29:56.489791+00:00", "symbol": "DOGE-USD", "price": 0.099177, "source": "coingecko", "tier": "liquid", "watch_ok": true, "paper_ok": true, "real_money_ok": false}
{"timestamp": "2026-03-16T03:29:56.489791+00:00", "symbol": "LTC-USD", "price": 56.18, "source": "coingecko", "tier": "liquid", "watch_ok": true, "paper_ok": true, "real_money_ok": false}
{"timestamp": "2026-03-16T03:29:56.489791+00:00", "symbol": "AVAX-USD", "price": 10.07, "source": "coingecko", "tier": "liquid", "watch_ok": true, "paper_ok": true, "real_money_ok": false}
{"timestamp": "2026-03-16T03:29:56.489791+00:00", "symbol": "LINK-USD", "price": 9.55, "source": "coingecko", "tier": "liquid", "watch_ok": true, "paper_ok": true, "real_money_ok": false}
{"timestamp": "2026-03-16T03:29:56.489791+00:00", "symbol": "SHIB-USD", "price": 6.04e-06, "source": "coingecko", "tier": "speculative", "watch_ok": true, "paper_ok": true, "real_money_ok": false}
{"timestamp": "2026-03-16T03:29:56.489791+00:00", "symbol": "PEPE-USD", "price": 3.54e-06, "source": "coingecko", "tier": "speculative", "watch_ok": true, "paper_ok": true, "real_money_ok": false}
{"timestamp": "2026-03-16T03:29:56.489791+00:00", "symbol": "BONK-USD", "price": 6.22e-06, "source": "coingecko", "tier": "speculative", "watch_ok": true, "paper_ok": true, "real_money_ok": false}
{"timestamp": "2026-03-16T03:29:56.489791+00:00", "symbol": "BTC-USD", "price": 72831, "source": "coingecko", "tier": "core", "watch_ok": true, "paper_ok": true, "real_money_ok": true}
{"timestamp": "2026-03-16T03:29:56.489791+00:00", "symbol": "ETH-USD", "price": 2201.72, "source": "coingecko", "tier": "core", "watch_ok": true, "paper_ok": true, "real_money_ok": false}
{"timestamp": "2026-03-16T03:29:56.489791+00:00", "symbol": "XRP-USD", "price": 1.45, "source": "coingecko", "tier": "liquid", "watch_ok": true, "paper_ok": true, "real_money_ok": false}
{"timestamp": "2026-03-16T03:29:56.489791+00:00", "symbol": "SOL-USD", "price": 91.97, "source": "coingecko", "tier": "liquid", "watch_ok": true, "paper_ok": true, "real_money_ok": false}
{"timestamp": "2026-03-16T03:29:56.489791+00:00", "symbol": "ADA-USD", "price": 0.272833, "source": "coingecko", "tier": "liquid", "watch_ok": true, "paper_ok": true, "real_money_ok": false}
{"timestamp": "2026-03-16T03:29:56.489791+00:00", "symbol": "DOGE-USD", "price": 0.099177, "source": "coingecko", "tier": "liquid", "watch_ok": true, "paper_ok": true, "real_money_ok": false}
{"timestamp": "2026-03-16T03:29:56.489791+00:00", "symbol": "LTC-USD", "price": 56.18, "source": "coingecko", "tier": "liquid", "watch_ok": true, "paper_ok": true, "real_money_ok": false}
{"timestamp": "2026-03-16T03:29:56.489791+00:00", "symbol": "AVAX-USD", "price": 10.07, "source": "coingecko", "tier": "liquid", "watch_ok": true, "paper_ok": true, "real_money_ok": false}
{"timestamp": "2026-03-16T03:29:56.489791+00:00", "symbol": "LINK-USD", "price": 9.55, "source": "coingecko", "tier": "liquid", "watch_ok": true, "paper_ok": true, "real_money_ok": false}
{"timestamp": "2026-03-16T03:29:56.489791+00:00", "symbol": "SHIB-USD", "price": 6.04e-06, "source": "coingecko", "tier": "speculative", "watch_ok": true, "paper_ok": true, "real_money_ok": false}
{"timestamp": "2026-03-16T03:29:56.489791+00:00", "symbol": "PEPE-USD", "price": 3.54e-06, "source": "coingecko", "tier": "speculative", "watch_ok": true, "paper_ok": true, "real_money_ok": false}
{"timestamp": "2026-03-16T03:29:56.489791+00:00", "symbol": "BONK-USD", "price": 6.22e-06, "source": "coingecko", "tier": "speculative", "watch_ok": true, "paper_ok": true, "real_money_ok": false}
{"timestamp": "2026-03-16T03:29:56.489791+00:00", "symbol": "BTC-USD", "price": 72831, "source": "coingecko", "tier": "core", "watch_ok": true, "paper_ok": true, "real_money_ok": true}
{"timestamp": "2026-03-16T03:29:56.489791+00:00", "symbol": "ETH-USD", "price": 2201.72, "source": "coingecko", "tier": "core", "watch_ok": true, "paper_ok": true, "real_money_ok": false}
{"timestamp": "2026-03-16T03:29:56.489791+00:00", "symbol": "XRP-USD", "price": 1.45, "source": "coingecko", "tier": "liquid", "watch_ok": true, "paper_ok": true, "real_money_ok": false}
{"timestamp": "2026-03-16T03:29:56.489791+00:00", "symbol": "SOL-USD", "price": 91.97, "source": "coingecko", "tier": "liquid", "watch_ok": true, "paper_ok": true, "real_money_ok": false}
{"timestamp": "2026-03-16T03:29:56.489791+00:00", "symbol": "ADA-USD", "price": 0.272833, "source": "coingecko", "tier": "liquid", "watch_ok": true, "paper_ok": true, "real_money_ok": false}
{"timestamp": "2026-03-16T03:29:56.489791+00:00", "symbol": "DOGE-USD", "price": 0.099177, "source": "coingecko", "tier": "liquid", "watch_ok": true, "paper_ok": true, "real_money_ok": false}
{"timestamp": "2026-03-16T03:29:56.489791+00:00", "symbol": "LTC-USD", "price": 56.18, "source": "coingecko", "tier": "liquid", "watch_ok": true, "paper_ok": true, "real_money_ok": false}
{"timestamp": "2026-03-16T03:29:56.489791+00:00", "symbol": "AVAX-USD", "price": 10.07, "source": "coingecko", "tier": "liquid", "watch_ok": true, "paper_ok": true, "real_money_ok": false}
{"timestamp": "2026-03-16T03:29:56.489791+00:00", "symbol": "LINK-USD", "price": 9.55, "source": "coingecko", "tier": "liquid", "watch_ok": true, "paper_ok": true, "real_money_ok": false}
{"timestamp": "2026-03-16T03:29:56.489791+00:00", "symbol": "SHIB-USD", "price": 6.04e-06, "source": "coingecko", "tier": "speculative", "watch_ok": true, "paper_ok": true, "real_money_ok": false}
{"timestamp": "2026-03-16T03:29:56.489791+00:00", "symbol": "PEPE-USD", "price": 3.54e-06, "source": "coingecko", "tier": "speculative", "watch_ok": true, "paper_ok": true, "real_money_ok": false}
{"timestamp": "2026-03-16T03:29:56.489791+00:00", "symbol": "BONK-USD", "price": 6.22e-06, "source": "coingecko", "tier": "speculative", "watch_ok": true, "paper_ok": true, "real_money_ok": false}
