{"timestamp": "2026-03-16T01:38:06.207673+00:00", "symbol": "BTC-USD", "price": 72630, "source": "coingecko", "tier": "core", "watch_ok": true, "paper_ok": true, "real_money_ok": true}
{"timestamp": "2026-03-16T01:38:06.207673+00:00", "symbol": "ETH-USD", "price": 2180.12, "source": "coingecko", "tier": "core", "watch_ok": true, "paper_ok": true, "real_money_ok": false}
{"timestamp": "2026-03-16T01:38:06.207673+00:00", "symbol": "XRP-USD", "price": 1.44, "source": "coingecko", "tier": "liquid", "watch_ok": true, "paper_ok": true, "real_money_ok": false}
{"timestamp": "2026-03-16T01:38:06.207673+00:00", "symbol": "SOL-USD", "price": 91.79, "source": "coingecko", "tier": "liquid", "watch_ok": true, "paper_ok": true, "real_money_ok": false}
{"timestamp": "2026-03-16T01:38:06.207673+00:00", "symbol": "ADA-USD", "price": 0.271119, "source": "coingecko", "tier": "liquid", "watch_ok": true, "paper_ok": true, "real_money_ok": false}
{"timestamp": "2026-03-16T01:38:06.207673+00:00", "symbol": "DOGE-USD", "price": 0.097656, "source": "coingecko", "tier": "liquid", "watch_ok": true, "paper_ok": true, "real_money_ok": false}
{"timestamp": "2026-03-16T01:38:06.207673+00:00", "symbol": "LTC-USD", "price": 56.13, "source": "coingecko", "tier": "liquid", "watch_ok": true, "paper_ok": true, "real_money_ok": false}
{"timestamp": "2026-03-16T01:38:06.207673+00:00", "symbol": "AVAX-USD", "price": 9.95, "source": "coingecko", "tier": "liquid", "watch_ok": true, "paper_ok": true, "real_money_ok": false}
{"timestamp": "2026-03-16T01:38:06.207673+00:00", "symbol": "LINK-USD", "price": 9.47, "source": "coingecko", "tier": "liquid", "watch_ok": true, "paper_ok": true, "real_money_ok": false}
{"timestamp": "2026-03-16T01:38:06.207673+00:00", "symbol": "SHIB-USD", "price": 5.99e-06, "source": "coingecko", "tier": "speculative", "watch_ok": true, "paper_ok": true, "real_money_ok": false}
{"timestamp": "2026-03-16T01:38:06.207673+00:00", "symbol": "PEPE-USD", "price": 3.51e-06, "source": "coingecko", "tier": "speculative", "watch_ok": true, "paper_ok": true, "real_money_ok": false}
{"timestamp": "2026-03-16T01:38:06.207673+00:00", "symbol": "BONK-USD", "price": 6.19e-06, "source": "coingecko", "tier": "speculative", "watch_ok": true, "paper_ok": true, "real_money_ok": false}
{"timestamp": "2026-03-16T01:38:16.281970+00:00", "symbol": "BTC-USD", "price": 72630, "source": "coingecko", "tier": "core", "watch_ok": true, "paper_ok": true, "real_money_ok": true}
{"timestamp": "2026-03-16T01:38:16.281970+00:00", "symbol": "ETH-USD", "price": 2180.12, "source": "coingecko", "tier": "core", "watch_ok": true, "paper_ok": true, "real_money_ok": false}
{"timestamp": "2026-03-16T01:38:16.281970+00:00", "symbol": "XRP-USD", "price": 1.44, "source": "coingecko", "tier": "liquid", "watch_ok": true, "paper_ok": true, "real_money_ok": false}
{"timestamp": "2026-03-16T01:38:16.281970+00:00", "symbol": "SOL-USD", "price": 91.79, "source": "coingecko", "tier": "liquid", "watch_ok": true, "paper_ok": true, "real_money_ok": false}
{"timestamp": "2026-03-16T01:38:16.281970+00:00", "symbol": "ADA-USD", "price": 0.271119, "source": "coingecko", "tier": "liquid", "watch_ok": true, "paper_ok": true, "real_money_ok": false}
{"timestamp": "2026-03-16T01:38:16.281970+00:00", "symbol": "DOGE-USD", "price": 0.097656, "source": "coingecko", "tier": "liquid", "watch_ok": true, "paper_ok": true, "real_money_ok": false}
{"timestamp": "2026-03-16T01:38:16.281970+00:00", "symbol": "LTC-USD", "price": 56.13, "source": "coingecko", "tier": "liquid", "watch_ok": true, "paper_ok": true, "real_money_ok": false}
{"timestamp": "2026-03-16T01:38:16.281970+00:00", "symbol": "AVAX-USD", "price": 9.95, "source": "coingecko", "tier": "liquid", "watch_ok": true, "paper_ok": true, "real_money_ok": false}
{"timestamp": "2026-03-16T01:38:16.281970+00:00", "symbol": "LINK-USD", "price": 9.47, "source": "coingecko", "tier": "liquid", "watch_ok": true, "paper_ok": true, "real_money_ok": false}
{"timestamp": "2026-03-16T01:38:16.281970+00:00", "symbol": "SHIB-USD", "price": 5.99e-06, "source": "coingecko", "tier": "speculative", "watch_ok": true, "paper_ok": true, "real_money_ok": false}
{"timestamp": "2026-03-16T01:38:16.281970+00:00", "symbol": "PEPE-USD", "price": 3.51e-06, "source": "coingecko", "tier": "speculative", "watch_ok": true, "paper_ok": true, "real_money_ok": false}
{"timestamp": "2026-03-16T01:38:16.281970+00:00", "symbol": "BONK-USD", "price": 6.19e-06, "source": "coingecko", "tier": "speculative", "watch_ok": true, "paper_ok": true, "real_money_ok": false}
{"timestamp": "2026-03-16T01:38:26.404581+00:00", "symbol": "BTC-USD", "price": 72630, "source": "coingecko", "tier": "core", "watch_ok": true, "paper_ok": true, "real_money_ok": true}
{"timestamp": "2026-03-16T01:38:26.404581+00:00", "symbol": "ETH-USD", "price": 2180.12, "source": "coingecko", "tier": "core", "watch_ok": true, "paper_ok": true, "real_money_ok": false}
{"timestamp": "2026-03-16T01:38:26.404581+00:00", "symbol": "XRP-USD", "price": 1.44, "source": "coingecko", "tier": "liquid", "watch_ok": true, "paper_ok": true, "real_money_ok": false}
{"timestamp": "2026-03-16T01:38:26.404581+00:00", "symbol": "SOL-USD", "price": 91.79, "source": "coingecko", "tier": "liquid", "watch_ok": true, "paper_ok": true, "real_money_ok": false}
{"timestamp": "2026-03-16T01:38:26.404581+00:00", "symbol": "ADA-USD", "price": 0.271119, "source": "coingecko", "tier": "liquid", "watch_ok": true, "paper_ok": true, "real_money_ok": false}
{"timestamp": "2026-03-16T01:38:26.404581+00:00", "symbol": "DOGE-USD", "price": 0.097656, "source": "coingecko", "tier": "liquid", "watch_ok": true, "paper_ok": true, "real_money_ok": false}
{"timestamp": "2026-03-16T01:38:26.404581+00:00", "symbol": "LTC-USD", "price": 56.13, "source": "coingecko", "tier": "liquid", "watch_ok": true, "paper_ok": true, "real_money_ok": false}
{"timestamp": "2026-03-16T01:38:26.404581+00:00", "symbol": "AVAX-USD", "price": 9.95, "source": "coingecko", "tier": "liquid", "watch_ok": true, "paper_ok": true, "real_money_ok": false}
{"timestamp": "2026-03-16T01:38:26.404581+00:00", "symbol": "LINK-USD", "price": 9.47, "source": "coingecko", "tier": "liquid", "watch_ok": true, "paper_ok": true, "real_money_ok": false}
{"timestamp": "2026-03-16T01:38:26.404581+00:00", "symbol": "SHIB-USD", "price": 5.99e-06, "source": "coingecko", "tier": "speculative", "watch_ok": true, "paper_ok": true, "real_money_ok": false}
{"timestamp": "2026-03-16T01:38:26.404581+00:00", "symbol": "PEPE-USD", "price": 3.51e-06, "source": "coingecko", "tier": "speculative", "watch_ok": true, "paper_ok": true, "real_money_ok": false}
{"timestamp": "2026-03-16T01:38:26.404581+00:00", "symbol": "BONK-USD", "price": 6.19e-06, "source": "coingecko", "tier": "speculative", "watch_ok": true, "paper_ok": true, "real_money_ok": false}
