{"timestamp": "2026-03-16T03:09:15.258714+00:00", "symbol": "BTC-USD", "price": 72535, "source": "coingecko", "tier": "core", "watch_ok": true, "paper_ok": true, "real_money_ok": true}
{"timestamp": "2026-03-16T03:09:15.258714+00:00", "symbol": "ETH-USD", "price": 2181.05, "source": "coingecko", "tier": "core", "watch_ok": true, "paper_ok": true, "real_money_ok": false}
{"timestamp": "2026-03-16T03:09:15.258714+00:00", "symbol": "XRP-USD", "price": 1.44, "source": "coingecko", "tier": "liquid", "watch_ok": true, "paper_ok": true, "real_money_ok": false}
{"timestamp": "2026-03-16T03:09:15.258714+00:00", "symbol": "SOL-USD", "price": 91.42, "source": "coingecko", "tier": "liquid", "watch_ok": true, "paper_ok": true, "real_money_ok": false}
{"timestamp": "2026-03-16T03:09:15.258714+00:00", "symbol": "ADA-USD", "price": 0.271032, "source": "coingecko", "tier": "liquid", "watch_ok": true, "paper_ok": true, "real_money_ok": false}
{"timestamp": "2026-03-16T03:09:15.258714+00:00", "symbol": "DOGE-USD", "price": 0.098084, "source": "coingecko", "tier": "liquid", "watch_ok": true, "paper_ok": true, "real_money_ok": false}
{"timestamp": "2026-03-16T03:09:15.258714+00:00", "symbol": "LTC-USD", "price": 55.98, "source": "coingecko", "tier": "liquid", "watch_ok": true, "paper_ok": true, "real_money_ok": false}
{"timestamp": "2026-03-16T03:09:15.258714+00:00", "symbol": "AVAX-USD", "price": 9.98, "source": "coingecko", "tier": "liquid", "watch_ok": true, "paper_ok": true, "real_money_ok": false}
{"timestamp": "2026-03-16T03:09:15.258714+00:00", "symbol": "LINK-USD", "price": 9.47, "source": "coingecko", "tier": "liquid", "watch_ok": true, "paper_ok": true, "real_money_ok": false}
{"timestamp": "2026-03-16T03:09:15.258714+00:00", "symbol": "SHIB-USD", "price": 5.99e-06, "source": "coingecko", "tier": "speculative", "watch_ok": true, "paper_ok": true, "real_money_ok": false}
{"timestamp": "2026-03-16T03:09:15.258714+00:00", "symbol": "PEPE-USD", "price": 3.51e-06, "source": "coingecko", "tier": "speculative", "watch_ok": true, "paper_ok": true, "real_money_ok": false}
{"timestamp": "2026-03-16T03:09:15.258714+00:00", "symbol": "BONK-USD", "price": 6.16e-06, "source": "coingecko", "tier": "speculative", "watch_ok": true, "paper_ok": true, "real_money_ok": false}
{"timestamp": "2026-03-16T03:09:15.258714+00:00", "symbol": "BTC-USD", "price": 72535, "source": "coingecko", "tier": "core", "watch_ok": true, "paper_ok": true, "real_money_ok": true}
{"timestamp": "2026-03-16T03:09:15.258714+00:00", "symbol": "ETH-USD", "price": 2181.05, "source": "coingecko", "tier": "core", "watch_ok": true, "paper_ok": true, "real_money_ok": false}
{"timestamp": "2026-03-16T03:09:15.258714+00:00", "symbol": "XRP-USD", "price": 1.44, "source": "coingecko", "tier": "liquid", "watch_ok": true, "paper_ok": true, "real_money_ok": false}
{"timestamp": "2026-03-16T03:09:15.258714+00:00", "symbol": "SOL-USD", "price": 91.42, "source": "coingecko", "tier": "liquid", "watch_ok": true, "paper_ok": true, "real_money_ok": false}
{"timestamp": "2026-03-16T03:09:15.258714+00:00", "symbol": "ADA-USD", "price": 0.271032, "source": "coingecko", "tier": "liquid", "watch_ok": true, "paper_ok": true, "real_money_ok": false}
{"timestamp": "2026-03-16T03:09:15.258714+00:00", "symbol": "DOGE-USD", "price": 0.098084, "source": "coingecko", "tier": "liquid", "watch_ok": true, "paper_ok": true, "real_money_ok": false}
{"timestamp": "2026-03-16T03:09:15.258714+00:00", "symbol": "LTC-USD", "price": 55.98, "source": "coingecko", "tier": "liquid", "watch_ok": true, "paper_ok": true, "real_money_ok": false}
{"timestamp": "2026-03-16T03:09:15.258714+00:00", "symbol": "AVAX-USD", "price": 9.98, "source": "coingecko", "tier": "liquid", "watch_ok": true, "paper_ok": true, "real_money_ok": false}
{"timestamp": "2026-03-16T03:09:15.258714+00:00", "symbol": "LINK-USD", "price": 9.47, "source": "coingecko", "tier": "liquid", "watch_ok": true, "paper_ok": true, "real_money_ok": false}
{"timestamp": "2026-03-16T03:09:15.258714+00:00", "symbol": "SHIB-USD", "price": 5.99e-06, "source": "coingecko", "tier": "speculative", "watch_ok": true, "paper_ok": true, "real_money_ok": false}
{"timestamp": "2026-03-16T03:09:15.258714+00:00", "symbol": "PEPE-USD", "price": 3.51e-06, "source": "coingecko", "tier": "speculative", "watch_ok": true, "paper_ok": true, "real_money_ok": false}
{"timestamp": "2026-03-16T03:09:15.258714+00:00", "symbol": "BONK-USD", "price": 6.16e-06, "source": "coingecko", "tier": "speculative", "watch_ok": true, "paper_ok": true, "real_money_ok": false}
{"timestamp": "2026-03-16T03:09:15.258714+00:00", "symbol": "BTC-USD", "price": 72535, "source": "coingecko", "tier": "core", "watch_ok": true, "paper_ok": true, "real_money_ok": true}
{"timestamp": "2026-03-16T03:09:15.258714+00:00", "symbol": "ETH-USD", "price": 2181.05, "source": "coingecko", "tier": "core", "watch_ok": true, "paper_ok": true, "real_money_ok": false}
{"timestamp": "2026-03-16T03:09:15.258714+00:00", "symbol": "XRP-USD", "price": 1.44, "source": "coingecko", "tier": "liquid", "watch_ok": true, "paper_ok": true, "real_money_ok": false}
{"timestamp": "2026-03-16T03:09:15.258714+00:00", "symbol": "SOL-USD", "price": 91.42, "source": "coingecko", "tier": "liquid", "watch_ok": true, "paper_ok": true, "real_money_ok": false}
{"timestamp": "2026-03-16T03:09:15.258714+00:00", "symbol": "ADA-USD", "price": 0.271032, "source": "coingecko", "tier": "liquid", "watch_ok": true, "paper_ok": true, "real_money_ok": false}
{"timestamp": "2026-03-16T03:09:15.258714+00:00", "symbol": "DOGE-USD", "price": 0.098084, "source": "coingecko", "tier": "liquid", "watch_ok": true, "paper_ok": true, "real_money_ok": false}
{"timestamp": "2026-03-16T03:09:15.258714+00:00", "symbol": "LTC-USD", "price": 55.98, "source": "coingecko", "tier": "liquid", "watch_ok": true, "paper_ok": true, "real_money_ok": false}
{"timestamp": "2026-03-16T03:09:15.258714+00:00", "symbol": "AVAX-USD", "price": 9.98, "source": "coingecko", "tier": "liquid", "watch_ok": true, "paper_ok": true, "real_money_ok": false}
{"timestamp": "2026-03-16T03:09:15.258714+00:00", "symbol": "LINK-USD", "price": 9.47, "source": "coingecko", "tier": "liquid", "watch_ok": true, "paper_ok": true, "real_money_ok": false}
{"timestamp": "2026-03-16T03:09:15.258714+00:00", "symbol": "SHIB-USD", "price": 5.99e-06, "source": "coingecko", "tier": "speculative", "watch_ok": true, "paper_ok": true, "real_money_ok": false}
{"timestamp": "2026-03-16T03:09:15.258714+00:00", "symbol": "PEPE-USD", "price": 3.51e-06, "source": "coingecko", "tier": "speculative", "watch_ok": true, "paper_ok": true, "real_money_ok": false}
{"timestamp": "2026-03-16T03:09:15.258714+00:00", "symbol": "BONK-USD", "price": 6.16e-06, "source": "coingecko", "tier": "speculative", "watch_ok": true, "paper_ok": true, "real_money_ok": false}
{"timestamp": "2026-03-16T03:09:15.258714+00:00", "symbol": "BTC-USD", "price": 72535, "source": "coingecko", "tier": "core", "watch_ok": true, "paper_ok": true, "real_money_ok": true}
{"timestamp": "2026-03-16T03:09:15.258714+00:00", "symbol": "ETH-USD", "price": 2181.05, "source": "coingecko", "tier": "core", "watch_ok": true, "paper_ok": true, "real_money_ok": false}
{"timestamp": "2026-03-16T03:09:15.258714+00:00", "symbol": "XRP-USD", "price": 1.44, "source": "coingecko", "tier": "liquid", "watch_ok": true, "paper_ok": true, "real_money_ok": false}
{"timestamp": "2026-03-16T03:09:15.258714+00:00", "symbol": "SOL-USD", "price": 91.42, "source": "coingecko", "tier": "liquid", "watch_ok": true, "paper_ok": true, "real_money_ok": false}
{"timestamp": "2026-03-16T03:09:15.258714+00:00", "symbol": "ADA-USD", "price": 0.271032, "source": "coingecko", "tier": "liquid", "watch_ok": true, "paper_ok": true, "real_money_ok": false}
{"timestamp": "2026-03-16T03:09:15.258714+00:00", "symbol": "DOGE-USD", "price": 0.098084, "source": "coingecko", "tier": "liquid", "watch_ok": true, "paper_ok": true, "real_money_ok": false}
{"timestamp": "2026-03-16T03:09:15.258714+00:00", "symbol": "LTC-USD", "price": 55.98, "source": "coingecko", "tier": "liquid", "watch_ok": true, "paper_ok": true, "real_money_ok": false}
{"timestamp": "2026-03-16T03:09:15.258714+00:00", "symbol": "AVAX-USD", "price": 9.98, "source": "coingecko", "tier": "liquid", "watch_ok": true, "paper_ok": true, "real_money_ok": false}
{"timestamp": "2026-03-16T03:09:15.258714+00:00", "symbol": "LINK-USD", "price": 9.47, "source": "coingecko", "tier": "liquid", "watch_ok": true, "paper_ok": true, "real_money_ok": false}
{"timestamp": "2026-03-16T03:09:15.258714+00:00", "symbol": "SHIB-USD", "price": 5.99e-06, "source": "coingecko", "tier": "speculative", "watch_ok": true, "paper_ok": true, "real_money_ok": false}
{"timestamp": "2026-03-16T03:09:15.258714+00:00", "symbol": "PEPE-USD", "price": 3.51e-06, "source": "coingecko", "tier": "speculative", "watch_ok": true, "paper_ok": true, "real_money_ok": false}
{"timestamp": "2026-03-16T03:09:15.258714+00:00", "symbol": "BONK-USD", "price": 6.16e-06, "source": "coingecko", "tier": "speculative", "watch_ok": true, "paper_ok": true, "real_money_ok": false}
