{"timestamp": "2026-03-16T01:29:05.207371+00:00", "symbol": "BTC-USD", "price": 72638, "source": "coingecko", "tier": "core", "watch_ok": true, "paper_ok": true, "real_money_ok": true}
{"timestamp": "2026-03-16T01:29:05.207371+00:00", "symbol": "ETH-USD", "price": 2179.23, "source": "coingecko", "tier": "core", "watch_ok": true, "paper_ok": true, "real_money_ok": false}
{"timestamp": "2026-03-16T01:29:05.207371+00:00", "symbol": "XRP-USD", "price": 1.44, "source": "coingecko", "tier": "liquid", "watch_ok": true, "paper_ok": true, "real_money_ok": false}
{"timestamp": "2026-03-16T01:29:05.207371+00:00", "symbol": "SOL-USD", "price": 91.94, "source": "coingecko", "tier": "liquid", "watch_ok": true, "paper_ok": true, "real_money_ok": false}
{"timestamp": "2026-03-16T01:29:05.207371+00:00", "symbol": "ADA-USD", "price": 0.271283, "source": "coingecko", "tier": "liquid", "watch_ok": true, "paper_ok": true, "real_money_ok": false}
{"timestamp": "2026-03-16T01:29:05.207371+00:00", "symbol": "DOGE-USD", "price": 0.097762, "source": "coingecko", "tier": "liquid", "watch_ok": true, "paper_ok": true, "real_money_ok": false}
{"timestamp": "2026-03-16T01:29:05.207371+00:00", "symbol": "LTC-USD", "price": 56.14, "source": "coingecko", "tier": "liquid", "watch_ok": true, "paper_ok": true, "real_money_ok": false}
{"timestamp": "2026-03-16T01:29:05.207371+00:00", "symbol": "AVAX-USD", "price": 9.95, "source": "coingecko", "tier": "liquid", "watch_ok": true, "paper_ok": true, "real_money_ok": false}
{"timestamp": "2026-03-16T01:29:05.207371+00:00", "symbol": "LINK-USD", "price": 9.47, "source": "coingecko", "tier": "liquid", "watch_ok": true, "paper_ok": true, "real_money_ok": false}
{"timestamp": "2026-03-16T01:29:05.207371+00:00", "symbol": "SHIB-USD", "price": 6e-06, "source": "coingecko", "tier": "speculative", "watch_ok": true, "paper_ok": true, "real_money_ok": false}
{"timestamp": "2026-03-16T01:29:05.207371+00:00", "symbol": "PEPE-USD", "price": 3.5e-06, "source": "coingecko", "tier": "speculative", "watch_ok": true, "paper_ok": true, "real_money_ok": false}
{"timestamp": "2026-03-16T01:29:05.207371+00:00", "symbol": "BONK-USD", "price": 6.17e-06, "source": "coingecko", "tier": "speculative", "watch_ok": true, "paper_ok": true, "real_money_ok": false}
{"timestamp": "2026-03-16T01:29:15.281185+00:00", "symbol": "BTC-USD", "price": 72638, "source": "coingecko", "tier": "core", "watch_ok": true, "paper_ok": true, "real_money_ok": true}
{"timestamp": "2026-03-16T01:29:15.281185+00:00", "symbol": "ETH-USD", "price": 2179.23, "source": "coingecko", "tier": "core", "watch_ok": true, "paper_ok": true, "real_money_ok": false}
{"timestamp": "2026-03-16T01:29:15.281185+00:00", "symbol": "XRP-USD", "price": 1.44, "source": "coingecko", "tier": "liquid", "watch_ok": true, "paper_ok": true, "real_money_ok": false}
{"timestamp": "2026-03-16T01:29:15.281185+00:00", "symbol": "SOL-USD", "price": 91.94, "source": "coingecko", "tier": "liquid", "watch_ok": true, "paper_ok": true, "real_money_ok": false}
{"timestamp": "2026-03-16T01:29:15.281185+00:00", "symbol": "ADA-USD", "price": 0.271283, "source": "coingecko", "tier": "liquid", "watch_ok": true, "paper_ok": true, "real_money_ok": false}
{"timestamp": "2026-03-16T01:29:15.281185+00:00", "symbol": "DOGE-USD", "price": 0.097762, "source": "coingecko", "tier": "liquid", "watch_ok": true, "paper_ok": true, "real_money_ok": false}
{"timestamp": "2026-03-16T01:29:15.281185+00:00", "symbol": "LTC-USD", "price": 56.14, "source": "coingecko", "tier": "liquid", "watch_ok": true, "paper_ok": true, "real_money_ok": false}
{"timestamp": "2026-03-16T01:29:15.281185+00:00", "symbol": "AVAX-USD", "price": 9.95, "source": "coingecko", "tier": "liquid", "watch_ok": true, "paper_ok": true, "real_money_ok": false}
{"timestamp": "2026-03-16T01:29:15.281185+00:00", "symbol": "LINK-USD", "price": 9.47, "source": "coingecko", "tier": "liquid", "watch_ok": true, "paper_ok": true, "real_money_ok": false}
{"timestamp": "2026-03-16T01:29:15.281185+00:00", "symbol": "SHIB-USD", "price": 6e-06, "source": "coingecko", "tier": "speculative", "watch_ok": true, "paper_ok": true, "real_money_ok": false}
{"timestamp": "2026-03-16T01:29:15.281185+00:00", "symbol": "PEPE-USD", "price": 3.5e-06, "source": "coingecko", "tier": "speculative", "watch_ok": true, "paper_ok": true, "real_money_ok": false}
{"timestamp": "2026-03-16T01:29:15.281185+00:00", "symbol": "BONK-USD", "price": 6.17e-06, "source": "coingecko", "tier": "speculative", "watch_ok": true, "paper_ok": true, "real_money_ok": false}
{"timestamp": "2026-03-16T01:29:25.343547+00:00", "symbol": "BTC-USD", "price": 72638, "source": "coingecko", "tier": "core", "watch_ok": true, "paper_ok": true, "real_money_ok": true}
{"timestamp": "2026-03-16T01:29:25.343547+00:00", "symbol": "ETH-USD", "price": 2179.23, "source": "coingecko", "tier": "core", "watch_ok": true, "paper_ok": true, "real_money_ok": false}
{"timestamp": "2026-03-16T01:29:25.343547+00:00", "symbol": "XRP-USD", "price": 1.44, "source": "coingecko", "tier": "liquid", "watch_ok": true, "paper_ok": true, "real_money_ok": false}
{"timestamp": "2026-03-16T01:29:25.343547+00:00", "symbol": "SOL-USD", "price": 91.94, "source": "coingecko", "tier": "liquid", "watch_ok": true, "paper_ok": true, "real_money_ok": false}
{"timestamp": "2026-03-16T01:29:25.343547+00:00", "symbol": "ADA-USD", "price": 0.271283, "source": "coingecko", "tier": "liquid", "watch_ok": true, "paper_ok": true, "real_money_ok": false}
{"timestamp": "2026-03-16T01:29:25.343547+00:00", "symbol": "DOGE-USD", "price": 0.097762, "source": "coingecko", "tier": "liquid", "watch_ok": true, "paper_ok": true, "real_money_ok": false}
{"timestamp": "2026-03-16T01:29:25.343547+00:00", "symbol": "LTC-USD", "price": 56.14, "source": "coingecko", "tier": "liquid", "watch_ok": true, "paper_ok": true, "real_money_ok": false}
{"timestamp": "2026-03-16T01:29:25.343547+00:00", "symbol": "AVAX-USD", "price": 9.95, "source": "coingecko", "tier": "liquid", "watch_ok": true, "paper_ok": true, "real_money_ok": false}
{"timestamp": "2026-03-16T01:29:25.343547+00:00", "symbol": "LINK-USD", "price": 9.47, "source": "coingecko", "tier": "liquid", "watch_ok": true, "paper_ok": true, "real_money_ok": false}
{"timestamp": "2026-03-16T01:29:25.343547+00:00", "symbol": "SHIB-USD", "price": 6e-06, "source": "coingecko", "tier": "speculative", "watch_ok": true, "paper_ok": true, "real_money_ok": false}
{"timestamp": "2026-03-16T01:29:25.343547+00:00", "symbol": "PEPE-USD", "price": 3.5e-06, "source": "coingecko", "tier": "speculative", "watch_ok": true, "paper_ok": true, "real_money_ok": false}
{"timestamp": "2026-03-16T01:29:25.343547+00:00", "symbol": "BONK-USD", "price": 6.17e-06, "source": "coingecko", "tier": "speculative", "watch_ok": true, "paper_ok": true, "real_money_ok": false}
