{"timestamp": "2026-03-16T01:55:38.965945+00:00", "symbol": "BTC-USD", "price": 72769, "source": "coingecko", "tier": "core", "watch_ok": true, "paper_ok": true, "real_money_ok": true}
{"timestamp": "2026-03-16T01:55:38.965945+00:00", "symbol": "ETH-USD", "price": 2184.84, "source": "coingecko", "tier": "core", "watch_ok": true, "paper_ok": true, "real_money_ok": false}
{"timestamp": "2026-03-16T01:55:38.965945+00:00", "symbol": "XRP-USD", "price": 1.45, "source": "coingecko", "tier": "liquid", "watch_ok": true, "paper_ok": true, "real_money_ok": false}
{"timestamp": "2026-03-16T01:55:38.965945+00:00", "symbol": "SOL-USD", "price": 91.91, "source": "coingecko", "tier": "liquid", "watch_ok": true, "paper_ok": true, "real_money_ok": false}
{"timestamp": "2026-03-16T01:55:38.965945+00:00", "symbol": "ADA-USD", "price": 0.271451, "source": "coingecko", "tier": "liquid", "watch_ok": true, "paper_ok": true, "real_money_ok": false}
{"timestamp": "2026-03-16T01:55:38.965945+00:00", "symbol": "DOGE-USD", "price": 0.097682, "source": "coingecko", "tier": "liquid", "watch_ok": true, "paper_ok": true, "real_money_ok": false}
{"timestamp": "2026-03-16T01:55:38.965945+00:00", "symbol": "LTC-USD", "price": 56.15, "source": "coingecko", "tier": "liquid", "watch_ok": true, "paper_ok": true, "real_money_ok": false}
{"timestamp": "2026-03-16T01:55:38.965945+00:00", "symbol": "AVAX-USD", "price": 9.99, "source": "coingecko", "tier": "liquid", "watch_ok": true, "paper_ok": true, "real_money_ok": false}
{"timestamp": "2026-03-16T01:55:38.965945+00:00", "symbol": "LINK-USD", "price": 9.5, "source": "coingecko", "tier": "liquid", "watch_ok": true, "paper_ok": true, "real_money_ok": false}
{"timestamp": "2026-03-16T01:55:38.965945+00:00", "symbol": "SHIB-USD", "price": 5.99e-06, "source": "coingecko", "tier": "speculative", "watch_ok": true, "paper_ok": true, "real_money_ok": false}
{"timestamp": "2026-03-16T01:55:38.965945+00:00", "symbol": "PEPE-USD", "price": 3.51e-06, "source": "coingecko", "tier": "speculative", "watch_ok": true, "paper_ok": true, "real_money_ok": false}
{"timestamp": "2026-03-16T01:55:38.965945+00:00", "symbol": "BONK-USD", "price": 6.18e-06, "source": "coingecko", "tier": "speculative", "watch_ok": true, "paper_ok": true, "real_money_ok": false}
{"timestamp": "2026-03-16T01:56:39.097162+00:00", "symbol": "BTC-USD", "price": 72787, "source": "coingecko", "tier": "core", "watch_ok": true, "paper_ok": true, "real_money_ok": true}
{"timestamp": "2026-03-16T01:56:39.097162+00:00", "symbol": "ETH-USD", "price": 2186.88, "source": "coingecko", "tier": "core", "watch_ok": true, "paper_ok": true, "real_money_ok": false}
{"timestamp": "2026-03-16T01:56:39.097162+00:00", "symbol": "XRP-USD", "price": 1.45, "source": "coingecko", "tier": "liquid", "watch_ok": true, "paper_ok": true, "real_money_ok": false}
{"timestamp": "2026-03-16T01:56:39.097162+00:00", "symbol": "SOL-USD", "price": 92.0, "source": "coingecko", "tier": "liquid", "watch_ok": true, "paper_ok": true, "real_money_ok": false}
{"timestamp": "2026-03-16T01:56:39.097162+00:00", "symbol": "ADA-USD", "price": 0.27157, "source": "coingecko", "tier": "liquid", "watch_ok": true, "paper_ok": true, "real_money_ok": false}
{"timestamp": "2026-03-16T01:56:39.097162+00:00", "symbol": "DOGE-USD", "price": 0.097717, "source": "coingecko", "tier": "liquid", "watch_ok": true, "paper_ok": true, "real_money_ok": false}
{"timestamp": "2026-03-16T01:56:39.097162+00:00", "symbol": "LTC-USD", "price": 56.19, "source": "coingecko", "tier": "liquid", "watch_ok": true, "paper_ok": true, "real_money_ok": false}
{"timestamp": "2026-03-16T01:56:39.097162+00:00", "symbol": "AVAX-USD", "price": 10.0, "source": "coingecko", "tier": "liquid", "watch_ok": true, "paper_ok": true, "real_money_ok": false}
{"timestamp": "2026-03-16T01:56:39.097162+00:00", "symbol": "LINK-USD", "price": 9.51, "source": "coingecko", "tier": "liquid", "watch_ok": true, "paper_ok": true, "real_money_ok": false}
{"timestamp": "2026-03-16T01:56:39.097162+00:00", "symbol": "SHIB-USD", "price": 6e-06, "source": "coingecko", "tier": "speculative", "watch_ok": true, "paper_ok": true, "real_money_ok": false}
{"timestamp": "2026-03-16T01:56:39.097162+00:00", "symbol": "PEPE-USD", "price": 3.51e-06, "source": "coingecko", "tier": "speculative", "watch_ok": true, "paper_ok": true, "real_money_ok": false}
{"timestamp": "2026-03-16T01:56:39.097162+00:00", "symbol": "BONK-USD", "price": 6.18e-06, "source": "coingecko", "tier": "speculative", "watch_ok": true, "paper_ok": true, "real_money_ok": false}
{"timestamp": "2026-03-16T01:57:39.248910+00:00", "symbol": "BTC-USD", "price": 72792, "source": "coingecko", "tier": "core", "watch_ok": true, "paper_ok": true, "real_money_ok": true}
{"timestamp": "2026-03-16T01:57:39.248910+00:00", "symbol": "ETH-USD", "price": 2187.91, "source": "coingecko", "tier": "core", "watch_ok": true, "paper_ok": true, "real_money_ok": false}
{"timestamp": "2026-03-16T01:57:39.248910+00:00", "symbol": "XRP-USD", "price": 1.45, "source": "coingecko", "tier": "liquid", "watch_ok": true, "paper_ok": true, "real_money_ok": false}
{"timestamp": "2026-03-16T01:57:39.248910+00:00", "symbol": "SOL-USD", "price": 92.03, "source": "coingecko", "tier": "liquid", "watch_ok": true, "paper_ok": true, "real_money_ok": false}
{"timestamp": "2026-03-16T01:57:39.248910+00:00", "symbol": "ADA-USD", "price": 0.271674, "source": "coingecko", "tier": "liquid", "watch_ok": true, "paper_ok": true, "real_money_ok": false}
{"timestamp": "2026-03-16T01:57:39.248910+00:00", "symbol": "DOGE-USD", "price": 0.097743, "source": "coingecko", "tier": "liquid", "watch_ok": true, "paper_ok": true, "real_money_ok": false}
{"timestamp": "2026-03-16T01:57:39.248910+00:00", "symbol": "LTC-USD", "price": 56.21, "source": "coingecko", "tier": "liquid", "watch_ok": true, "paper_ok": true, "real_money_ok": false}
{"timestamp": "2026-03-16T01:57:39.248910+00:00", "symbol": "AVAX-USD", "price": 10.01, "source": "coingecko", "tier": "liquid", "watch_ok": true, "paper_ok": true, "real_money_ok": false}
{"timestamp": "2026-03-16T01:57:39.248910+00:00", "symbol": "LINK-USD", "price": 9.51, "source": "coingecko", "tier": "liquid", "watch_ok": true, "paper_ok": true, "real_money_ok": false}
{"timestamp": "2026-03-16T01:57:39.248910+00:00", "symbol": "SHIB-USD", "price": 5.99e-06, "source": "coingecko", "tier": "speculative", "watch_ok": true, "paper_ok": true, "real_money_ok": false}
{"timestamp": "2026-03-16T01:57:39.248910+00:00", "symbol": "PEPE-USD", "price": 3.51e-06, "source": "coingecko", "tier": "speculative", "watch_ok": true, "paper_ok": true, "real_money_ok": false}
{"timestamp": "2026-03-16T01:57:39.248910+00:00", "symbol": "BONK-USD", "price": 6.18e-06, "source": "coingecko", "tier": "speculative", "watch_ok": true, "paper_ok": true, "real_money_ok": false}
{"timestamp": "2026-03-16T01:58:39.380896+00:00", "symbol": "BTC-USD", "price": 72775, "source": "coingecko", "tier": "core", "watch_ok": true, "paper_ok": true, "real_money_ok": true}
{"timestamp": "2026-03-16T01:58:39.380896+00:00", "symbol": "ETH-USD", "price": 2188.27, "source": "coingecko", "tier": "core", "watch_ok": true, "paper_ok": true, "real_money_ok": false}
{"timestamp": "2026-03-16T01:58:39.380896+00:00", "symbol": "XRP-USD", "price": 1.45, "source": "coingecko", "tier": "liquid", "watch_ok": true, "paper_ok": true, "real_money_ok": false}
{"timestamp": "2026-03-16T01:58:39.380896+00:00", "symbol": "SOL-USD", "price": 92.07, "source": "coingecko", "tier": "liquid", "watch_ok": true, "paper_ok": true, "real_money_ok": false}
{"timestamp": "2026-03-16T01:58:39.380896+00:00", "symbol": "ADA-USD", "price": 0.271745, "source": "coingecko", "tier": "liquid", "watch_ok": true, "paper_ok": true, "real_money_ok": false}
{"timestamp": "2026-03-16T01:58:39.380896+00:00", "symbol": "DOGE-USD", "price": 0.097757, "source": "coingecko", "tier": "liquid", "watch_ok": true, "paper_ok": true, "real_money_ok": false}
{"timestamp": "2026-03-16T01:58:39.380896+00:00", "symbol": "LTC-USD", "price": 56.25, "source": "coingecko", "tier": "liquid", "watch_ok": true, "paper_ok": true, "real_money_ok": false}
{"timestamp": "2026-03-16T01:58:39.380896+00:00", "symbol": "AVAX-USD", "price": 10.01, "source": "coingecko", "tier": "liquid", "watch_ok": true, "paper_ok": true, "real_money_ok": false}
{"timestamp": "2026-03-16T01:58:39.380896+00:00", "symbol": "LINK-USD", "price": 9.51, "source": "coingecko", "tier": "liquid", "watch_ok": true, "paper_ok": true, "real_money_ok": false}
{"timestamp": "2026-03-16T01:58:39.380896+00:00", "symbol": "SHIB-USD", "price": 6e-06, "source": "coingecko", "tier": "speculative", "watch_ok": true, "paper_ok": true, "real_money_ok": false}
{"timestamp": "2026-03-16T01:58:39.380896+00:00", "symbol": "PEPE-USD", "price": 3.52e-06, "source": "coingecko", "tier": "speculative", "watch_ok": true, "paper_ok": true, "real_money_ok": false}
{"timestamp": "2026-03-16T01:58:39.380896+00:00", "symbol": "BONK-USD", "price": 6.18e-06, "source": "coingecko", "tier": "speculative", "watch_ok": true, "paper_ok": true, "real_money_ok": false}
{"timestamp": "2026-03-16T01:59:39.595933+00:00", "symbol": "BTC-USD", "price": 72758, "source": "coingecko", "tier": "core", "watch_ok": true, "paper_ok": true, "real_money_ok": true}
{"timestamp": "2026-03-16T01:59:39.595933+00:00", "symbol": "ETH-USD", "price": 2186.91, "source": "coingecko", "tier": "core", "watch_ok": true, "paper_ok": true, "real_money_ok": false}
{"timestamp": "2026-03-16T01:59:39.595933+00:00", "symbol": "XRP-USD", "price": 1.45, "source": "coingecko", "tier": "liquid", "watch_ok": true, "paper_ok": true, "real_money_ok": false}
{"timestamp": "2026-03-16T01:59:39.595933+00:00", "symbol": "SOL-USD", "price": 92.07, "source": "coingecko", "tier": "liquid", "watch_ok": true, "paper_ok": true, "real_money_ok": false}
{"timestamp": "2026-03-16T01:59:39.595933+00:00", "symbol": "ADA-USD", "price": 0.271709, "source": "coingecko", "tier": "liquid", "watch_ok": true, "paper_ok": true, "real_money_ok": false}
{"timestamp": "2026-03-16T01:59:39.595933+00:00", "symbol": "DOGE-USD", "price": 0.097754, "source": "coingecko", "tier": "liquid", "watch_ok": true, "paper_ok": true, "real_money_ok": false}
{"timestamp": "2026-03-16T01:59:39.595933+00:00", "symbol": "LTC-USD", "price": 56.25, "source": "coingecko", "tier": "liquid", "watch_ok": true, "paper_ok": true, "real_money_ok": false}
{"timestamp": "2026-03-16T01:59:39.595933+00:00", "symbol": "AVAX-USD", "price": 10.01, "source": "coingecko", "tier": "liquid", "watch_ok": true, "paper_ok": true, "real_money_ok": false}
{"timestamp": "2026-03-16T01:59:39.595933+00:00", "symbol": "LINK-USD", "price": 9.51, "source": "coingecko", "tier": "liquid", "watch_ok": true, "paper_ok": true, "real_money_ok": false}
{"timestamp": "2026-03-16T01:59:39.595933+00:00", "symbol": "SHIB-USD", "price": 6e-06, "source": "coingecko", "tier": "speculative", "watch_ok": true, "paper_ok": true, "real_money_ok": false}
{"timestamp": "2026-03-16T01:59:39.595933+00:00", "symbol": "PEPE-USD", "price": 3.52e-06, "source": "coingecko", "tier": "speculative", "watch_ok": true, "paper_ok": true, "real_money_ok": false}
{"timestamp": "2026-03-16T01:59:39.595933+00:00", "symbol": "BONK-USD", "price": 6.18e-06, "source": "coingecko", "tier": "speculative", "watch_ok": true, "paper_ok": true, "real_money_ok": false}
{"timestamp": "2026-03-16T02:00:39.761419+00:00", "symbol": "BTC-USD", "price": 72755, "source": "coingecko", "tier": "core", "watch_ok": true, "paper_ok": true, "real_money_ok": true}
{"timestamp": "2026-03-16T02:00:39.761419+00:00", "symbol": "ETH-USD", "price": 2185.93, "source": "coingecko", "tier": "core", "watch_ok": true, "paper_ok": true, "real_money_ok": false}
{"timestamp": "2026-03-16T02:00:39.761419+00:00", "symbol": "XRP-USD", "price": 1.45, "source": "coingecko", "tier": "liquid", "watch_ok": true, "paper_ok": true, "real_money_ok": false}
{"timestamp": "2026-03-16T02:00:39.761419+00:00", "symbol": "SOL-USD", "price": 92.06, "source": "coingecko", "tier": "liquid", "watch_ok": true, "paper_ok": true, "real_money_ok": false}
{"timestamp": "2026-03-16T02:00:39.761419+00:00", "symbol": "ADA-USD", "price": 0.271625, "source": "coingecko", "tier": "liquid", "watch_ok": true, "paper_ok": true, "real_money_ok": false}
{"timestamp": "2026-03-16T02:00:39.761419+00:00", "symbol": "DOGE-USD", "price": 0.097713, "source": "coingecko", "tier": "liquid", "watch_ok": true, "paper_ok": true, "real_money_ok": false}
{"timestamp": "2026-03-16T02:00:39.761419+00:00", "symbol": "LTC-USD", "price": 56.24, "source": "coingecko", "tier": "liquid", "watch_ok": true, "paper_ok": true, "real_money_ok": false}
{"timestamp": "2026-03-16T02:00:39.761419+00:00", "symbol": "AVAX-USD", "price": 10.01, "source": "coingecko", "tier": "liquid", "watch_ok": true, "paper_ok": true, "real_money_ok": false}
{"timestamp": "2026-03-16T02:00:39.761419+00:00", "symbol": "LINK-USD", "price": 9.51, "source": "coingecko", "tier": "liquid", "watch_ok": true, "paper_ok": true, "real_money_ok": false}
{"timestamp": "2026-03-16T02:00:39.761419+00:00", "symbol": "SHIB-USD", "price": 5.99e-06, "source": "coingecko", "tier": "speculative", "watch_ok": true, "paper_ok": true, "real_money_ok": false}
{"timestamp": "2026-03-16T02:00:39.761419+00:00", "symbol": "PEPE-USD", "price": 3.51e-06, "source": "coingecko", "tier": "speculative", "watch_ok": true, "paper_ok": true, "real_money_ok": false}
{"timestamp": "2026-03-16T02:00:39.761419+00:00", "symbol": "BONK-USD", "price": 6.18e-06, "source": "coingecko", "tier": "speculative", "watch_ok": true, "paper_ok": true, "real_money_ok": false}
{"timestamp": "2026-03-16T02:01:39.950086+00:00", "symbol": "BTC-USD", "price": 72751, "source": "coingecko", "tier": "core", "watch_ok": true, "paper_ok": true, "real_money_ok": true}
{"timestamp": "2026-03-16T02:01:39.950086+00:00", "symbol": "ETH-USD", "price": 2185.5, "source": "coingecko", "tier": "core", "watch_ok": true, "paper_ok": true, "real_money_ok": false}
{"timestamp": "2026-03-16T02:01:39.950086+00:00", "symbol": "XRP-USD", "price": 1.45, "source": "coingecko", "tier": "liquid", "watch_ok": true, "paper_ok": true, "real_money_ok": false}
{"timestamp": "2026-03-16T02:01:39.950086+00:00", "symbol": "SOL-USD", "price": 92.08, "source": "coingecko", "tier": "liquid", "watch_ok": true, "paper_ok": true, "real_money_ok": false}
{"timestamp": "2026-03-16T02:01:39.950086+00:00", "symbol": "ADA-USD", "price": 0.271533, "source": "coingecko", "tier": "liquid", "watch_ok": true, "paper_ok": true, "real_money_ok": false}
{"timestamp": "2026-03-16T02:01:39.950086+00:00", "symbol": "DOGE-USD", "price": 0.097696, "source": "coingecko", "tier": "liquid", "watch_ok": true, "paper_ok": true, "real_money_ok": false}
{"timestamp": "2026-03-16T02:01:39.950086+00:00", "symbol": "LTC-USD", "price": 56.23, "source": "coingecko", "tier": "liquid", "watch_ok": true, "paper_ok": true, "real_money_ok": false}
{"timestamp": "2026-03-16T02:01:39.950086+00:00", "symbol": "AVAX-USD", "price": 10.0, "source": "coingecko", "tier": "liquid", "watch_ok": true, "paper_ok": true, "real_money_ok": false}
{"timestamp": "2026-03-16T02:01:39.950086+00:00", "symbol": "LINK-USD", "price": 9.52, "source": "coingecko", "tier": "liquid", "watch_ok": true, "paper_ok": true, "real_money_ok": false}
{"timestamp": "2026-03-16T02:01:39.950086+00:00", "symbol": "SHIB-USD", "price": 5.99e-06, "source": "coingecko", "tier": "speculative", "watch_ok": true, "paper_ok": true, "real_money_ok": false}
{"timestamp": "2026-03-16T02:01:39.950086+00:00", "symbol": "PEPE-USD", "price": 3.51e-06, "source": "coingecko", "tier": "speculative", "watch_ok": true, "paper_ok": true, "real_money_ok": false}
{"timestamp": "2026-03-16T02:01:39.950086+00:00", "symbol": "BONK-USD", "price": 6.18e-06, "source": "coingecko", "tier": "speculative", "watch_ok": true, "paper_ok": true, "real_money_ok": false}
{"timestamp": "2026-03-16T02:02:40.061144+00:00", "symbol": "BTC-USD", "price": 72750, "source": "coingecko", "tier": "core", "watch_ok": true, "paper_ok": true, "real_money_ok": true}
{"timestamp": "2026-03-16T02:02:40.061144+00:00", "symbol": "ETH-USD", "price": 2185.51, "source": "coingecko", "tier": "core", "watch_ok": true, "paper_ok": true, "real_money_ok": false}
{"timestamp": "2026-03-16T02:02:40.061144+00:00", "symbol": "XRP-USD", "price": 1.45, "source": "coingecko", "tier": "liquid", "watch_ok": true, "paper_ok": true, "real_money_ok": false}
{"timestamp": "2026-03-16T02:02:40.061144+00:00", "symbol": "SOL-USD", "price": 92.08, "source": "coingecko", "tier": "liquid", "watch_ok": true, "paper_ok": true, "real_money_ok": false}
{"timestamp": "2026-03-16T02:02:40.061144+00:00", "symbol": "ADA-USD", "price": 0.271496, "source": "coingecko", "tier": "liquid", "watch_ok": true, "paper_ok": true, "real_money_ok": false}
{"timestamp": "2026-03-16T02:02:40.061144+00:00", "symbol": "DOGE-USD", "price": 0.09769, "source": "coingecko", "tier": "liquid", "watch_ok": true, "paper_ok": true, "real_money_ok": false}
{"timestamp": "2026-03-16T02:02:40.061144+00:00", "symbol": "LTC-USD", "price": 56.23, "source": "coingecko", "tier": "liquid", "watch_ok": true, "paper_ok": true, "real_money_ok": false}
{"timestamp": "2026-03-16T02:02:40.061144+00:00", "symbol": "AVAX-USD", "price": 10.0, "source": "coingecko", "tier": "liquid", "watch_ok": true, "paper_ok": true, "real_money_ok": false}
{"timestamp": "2026-03-16T02:02:40.061144+00:00", "symbol": "LINK-USD", "price": 9.51, "source": "coingecko", "tier": "liquid", "watch_ok": true, "paper_ok": true, "real_money_ok": false}
{"timestamp": "2026-03-16T02:02:40.061144+00:00", "symbol": "SHIB-USD", "price": 5.99e-06, "source": "coingecko", "tier": "speculative", "watch_ok": true, "paper_ok": true, "real_money_ok": false}
{"timestamp": "2026-03-16T02:02:40.061144+00:00", "symbol": "PEPE-USD", "price": 3.51e-06, "source": "coingecko", "tier": "speculative", "watch_ok": true, "paper_ok": true, "real_money_ok": false}
{"timestamp": "2026-03-16T02:02:40.061144+00:00", "symbol": "BONK-USD", "price": 6.18e-06, "source": "coingecko", "tier": "speculative", "watch_ok": true, "paper_ok": true, "real_money_ok": false}
{"timestamp": "2026-03-16T02:03:40.246293+00:00", "symbol": "BTC-USD", "price": 72755, "source": "coingecko", "tier": "core", "watch_ok": true, "paper_ok": true, "real_money_ok": true}
{"timestamp": "2026-03-16T02:03:40.246293+00:00", "symbol": "ETH-USD", "price": 2185.53, "source": "coingecko", "tier": "core", "watch_ok": true, "paper_ok": true, "real_money_ok": false}
{"timestamp": "2026-03-16T02:03:40.246293+00:00", "symbol": "XRP-USD", "price": 1.45, "source": "coingecko", "tier": "liquid", "watch_ok": true, "paper_ok": true, "real_money_ok": false}
{"timestamp": "2026-03-16T02:03:40.246293+00:00", "symbol": "SOL-USD", "price": 92.1, "source": "coingecko", "tier": "liquid", "watch_ok": true, "paper_ok": true, "real_money_ok": false}
{"timestamp": "2026-03-16T02:03:40.246293+00:00", "symbol": "ADA-USD", "price": 0.271521, "source": "coingecko", "tier": "liquid", "watch_ok": true, "paper_ok": true, "real_money_ok": false}
{"timestamp": "2026-03-16T02:03:40.246293+00:00", "symbol": "DOGE-USD", "price": 0.097698, "source": "coingecko", "tier": "liquid", "watch_ok": true, "paper_ok": true, "real_money_ok": false}
{"timestamp": "2026-03-16T02:03:40.246293+00:00", "symbol": "LTC-USD", "price": 56.24, "source": "coingecko", "tier": "liquid", "watch_ok": true, "paper_ok": true, "real_money_ok": false}
{"timestamp": "2026-03-16T02:03:40.246293+00:00", "symbol": "AVAX-USD", "price": 10.0, "source": "coingecko", "tier": "liquid", "watch_ok": true, "paper_ok": true, "real_money_ok": false}
{"timestamp": "2026-03-16T02:03:40.246293+00:00", "symbol": "LINK-USD", "price": 9.51, "source": "coingecko", "tier": "liquid", "watch_ok": true, "paper_ok": true, "real_money_ok": false}
{"timestamp": "2026-03-16T02:03:40.246293+00:00", "symbol": "SHIB-USD", "price": 5.99e-06, "source": "coingecko", "tier": "speculative", "watch_ok": true, "paper_ok": true, "real_money_ok": false}
{"timestamp": "2026-03-16T02:03:40.246293+00:00", "symbol": "PEPE-USD", "price": 3.51e-06, "source": "coingecko", "tier": "speculative", "watch_ok": true, "paper_ok": true, "real_money_ok": false}
{"timestamp": "2026-03-16T02:03:40.246293+00:00", "symbol": "BONK-USD", "price": 6.18e-06, "source": "coingecko", "tier": "speculative", "watch_ok": true, "paper_ok": true, "real_money_ok": false}
{"timestamp": "2026-03-16T02:04:40.401985+00:00", "symbol": "BTC-USD", "price": 72771, "source": "coingecko", "tier": "core", "watch_ok": true, "paper_ok": true, "real_money_ok": true}
{"timestamp": "2026-03-16T02:04:40.401985+00:00", "symbol": "ETH-USD", "price": 2185.47, "source": "coingecko", "tier": "core", "watch_ok": true, "paper_ok": true, "real_money_ok": false}
{"timestamp": "2026-03-16T02:04:40.401985+00:00", "symbol": "XRP-USD", "price": 1.45, "source": "coingecko", "tier": "liquid", "watch_ok": true, "paper_ok": true, "real_money_ok": false}
{"timestamp": "2026-03-16T02:04:40.401985+00:00", "symbol": "SOL-USD", "price": 92.12, "source": "coingecko", "tier": "liquid", "watch_ok": true, "paper_ok": true, "real_money_ok": false}
{"timestamp": "2026-03-16T02:04:40.401985+00:00", "symbol": "ADA-USD", "price": 0.271551, "source": "coingecko", "tier": "liquid", "watch_ok": true, "paper_ok": true, "real_money_ok": false}
{"timestamp": "2026-03-16T02:04:40.401985+00:00", "symbol": "DOGE-USD", "price": 0.09771, "source": "coingecko", "tier": "liquid", "watch_ok": true, "paper_ok": true, "real_money_ok": false}
{"timestamp": "2026-03-16T02:04:40.401985+00:00", "symbol": "LTC-USD", "price": 56.24, "source": "coingecko", "tier": "liquid", "watch_ok": true, "paper_ok": true, "real_money_ok": false}
{"timestamp": "2026-03-16T02:04:40.401985+00:00", "symbol": "AVAX-USD", "price": 10.0, "source": "coingecko", "tier": "liquid", "watch_ok": true, "paper_ok": true, "real_money_ok": false}
{"timestamp": "2026-03-16T02:04:40.401985+00:00", "symbol": "LINK-USD", "price": 9.51, "source": "coingecko", "tier": "liquid", "watch_ok": true, "paper_ok": true, "real_money_ok": false}
{"timestamp": "2026-03-16T02:04:40.401985+00:00", "symbol": "SHIB-USD", "price": 5.99e-06, "source": "coingecko", "tier": "speculative", "watch_ok": true, "paper_ok": true, "real_money_ok": false}
{"timestamp": "2026-03-16T02:04:40.401985+00:00", "symbol": "PEPE-USD", "price": 3.51e-06, "source": "coingecko", "tier": "speculative", "watch_ok": true, "paper_ok": true, "real_money_ok": false}
{"timestamp": "2026-03-16T02:04:40.401985+00:00", "symbol": "BONK-USD", "price": 6.18e-06, "source": "coingecko", "tier": "speculative", "watch_ok": true, "paper_ok": true, "real_money_ok": false}
{"timestamp": "2026-03-16T02:05:40.581287+00:00", "symbol": "BTC-USD", "price": 72811, "source": "coingecko", "tier": "core", "watch_ok": true, "paper_ok": true, "real_money_ok": true}
{"timestamp": "2026-03-16T02:05:40.581287+00:00", "symbol": "ETH-USD", "price": 2186.96, "source": "coingecko", "tier": "core", "watch_ok": true, "paper_ok": true, "real_money_ok": false}
{"timestamp": "2026-03-16T02:05:40.581287+00:00", "symbol": "XRP-USD", "price": 1.45, "source": "coingecko", "tier": "liquid", "watch_ok": true, "paper_ok": true, "real_money_ok": false}
{"timestamp": "2026-03-16T02:05:40.581287+00:00", "symbol": "SOL-USD", "price": 92.12, "source": "coingecko", "tier": "liquid", "watch_ok": true, "paper_ok": true, "real_money_ok": false}
{"timestamp": "2026-03-16T02:05:40.581287+00:00", "symbol": "ADA-USD", "price": 0.271715, "source": "coingecko", "tier": "liquid", "watch_ok": true, "paper_ok": true, "real_money_ok": false}
{"timestamp": "2026-03-16T02:05:40.581287+00:00", "symbol": "DOGE-USD", "price": 0.09777, "source": "coingecko", "tier": "liquid", "watch_ok": true, "paper_ok": true, "real_money_ok": false}
{"timestamp": "2026-03-16T02:05:40.581287+00:00", "symbol": "LTC-USD", "price": 56.24, "source": "coingecko", "tier": "liquid", "watch_ok": true, "paper_ok": true, "real_money_ok": false}
{"timestamp": "2026-03-16T02:05:40.581287+00:00", "symbol": "AVAX-USD", "price": 10.01, "source": "coingecko", "tier": "liquid", "watch_ok": true, "paper_ok": true, "real_money_ok": false}
{"timestamp": "2026-03-16T02:05:40.581287+00:00", "symbol": "LINK-USD", "price": 9.52, "source": "coingecko", "tier": "liquid", "watch_ok": true, "paper_ok": true, "real_money_ok": false}
{"timestamp": "2026-03-16T02:05:40.581287+00:00", "symbol": "SHIB-USD", "price": 5.99e-06, "source": "coingecko", "tier": "speculative", "watch_ok": true, "paper_ok": true, "real_money_ok": false}
{"timestamp": "2026-03-16T02:05:40.581287+00:00", "symbol": "PEPE-USD", "price": 3.51e-06, "source": "coingecko", "tier": "speculative", "watch_ok": true, "paper_ok": true, "real_money_ok": false}
{"timestamp": "2026-03-16T02:05:40.581287+00:00", "symbol": "BONK-USD", "price": 6.18e-06, "source": "coingecko", "tier": "speculative", "watch_ok": true, "paper_ok": true, "real_money_ok": false}
